<?xml version="1.0" encoding="UTF-8"?>
<testsuite name="VocabTest" tests="3" skipped="0" failures="0" errors="0" timestamp="2021-11-11T22:23:19" hostname="CARLOPC" time="0.026">
  <properties/>
  <testcase name="testAddWordPair()" classname="VocabTest" time="0.022"/>
  <testcase name="testConstructor()" classname="VocabTest" time="0.0"/>
  <testcase name="testAddStartingWord()" classname="VocabTest" time="0.002"/>
  <system-out><![CDATA[]]></system-out>
  <system-err><![CDATA[]]></system-err>
</testsuite>
